<?xml version="1.0" encoding="UTF-8"?>
<testsuite xmlns:xsi="http://www.w3.org/2001/XMLSchema-instance" xsi:noNamespaceSchemaLocation="https://maven.apache.org/surefire/maven-surefire-plugin/xsd/surefire-test-report.xsd" version="3.0.2" name="bce.ec.demo.DemoApplicationTests" time="6.231" tests="1" errors="0" skipped="0" failures="0">
  <properties>
[...]
</properties>
  <testcase name="contextLoads" classname="bce.ec.demo.DemoApplicationTests" time="0.44">
    <system-out><![CDATA[22:54:59.347 [main] INFO org.springframework.test.context.support.AnnotationConfigContextLoaderUtils -- Could not detect default configuration classes for test class [bce.ec.demo.DemoApplicationTests]: DemoApplicationTests does not declare any static, non-private, non-final, nested classes annotated with @Configuration.
22:54:59.468 [main] INFO org.springframework.boot.test.context.SpringBootTestContextBootstrapper -- Found @SpringBootConfiguration bce.ec.demo.DemoApplication for test class bce.ec.demo.DemoApplicationTests

  .   ____          _            __ _ _
 /\\ / ___'_ __ _ _(_)_ __  __ _ \ \ \ \
( ( )\___ | '_ | '_| | '_ \/ _` | \ \ \ \
 \\/  ___)| |_)| | | | | || (_| |  ) ) ) )
  '  |____| .__|_| |_|_| |_\__, | / / / /
 =========|_|==============|___/=/_/_/_/

 :: Spring Boot ::                (v3.5.3)

2025-07-16T22:55:00.100-05:00  INFO 13356 --- [demo] [           main] bce.ec.demo.DemoApplicationTests         : Starting DemoApplicationTests using Java 17.0.12 with PID 13356 (started by d_lan in D:\curso_angular\proyecto_angular)
2025-07-16T22:55:00.108-05:00  INFO 13356 --- [demo] [           main] bce.ec.demo.DemoApplicationTests         : No active profile set, falling back to 1 default profile: "default"
2025-07-16T22:55:00.920-05:00  INFO 13356 --- [demo] [           main] .s.d.r.c.RepositoryConfigurationDelegate : Bootstrapping Spring Data JPA repositories in DEFAULT mode.
2025-07-16T22:55:00.983-05:00  INFO 13356 --- [demo] [           main] .s.d.r.c.RepositoryConfigurationDelegate : Finished Spring Data repository scanning in 58 ms. Found 1 JPA repository interface.
2025-07-16T22:55:01.653-05:00  INFO 13356 --- [demo] [           main] com.zaxxer.hikari.HikariDataSource       : HikariPool-1 - Starting...
2025-07-16T22:55:01.862-05:00  INFO 13356 --- [demo] [           main] com.zaxxer.hikari.pool.HikariPool        : HikariPool-1 - Added connection conn0: url=jdbc:h2:mem:9b7a4feb-fc8a-43d2-bc97-86d60565a704 user=SA
2025-07-16T22:55:01.862-05:00  INFO 13356 --- [demo] [           main] com.zaxxer.hikari.HikariDataSource       : HikariPool-1 - Start completed.
2025-07-16T22:55:01.944-05:00  INFO 13356 --- [demo] [           main] o.hibernate.jpa.internal.util.LogHelper  : HHH000204: Processing PersistenceUnitInfo [name: default]
2025-07-16T22:55:02.055-05:00  INFO 13356 --- [demo] [           main] org.hibernate.Version                    : HHH000412: Hibernate ORM core version 6.6.18.Final
2025-07-16T22:55:02.121-05:00  INFO 13356 --- [demo] [           main] o.h.c.internal.RegionFactoryInitiator    : HHH000026: Second-level cache disabled
2025-07-16T22:55:02.584-05:00  INFO 13356 --- [demo] [           main] o.s.o.j.p.SpringPersistenceUnitInfo      : No LoadTimeWeaver setup: ignoring JPA class transformer
2025-07-16T22:55:02.706-05:00  INFO 13356 --- [demo] [           main] org.hibernate.orm.connections.pooling    : HHH10001005: Database info:
	Database JDBC URL [Connecting through datasource 'HikariDataSource (HikariPool-1)']
	Database driver: undefined/unknown
	Database version: 2.3.232
	Autocommit mode: undefined/unknown
	Isolation level: undefined/unknown
	Minimum pool size: undefined/unknown
	Maximum pool size: undefined/unknown
2025-07-16T22:55:03.689-05:00  INFO 13356 --- [demo] [           main] o.h.e.t.j.p.i.JtaPlatformInitiator       : HHH000489: No JTA platform available (set 'hibernate.transaction.jta.platform' to enable JTA platform integration)
2025-07-16T22:55:03.721-05:00  INFO 13356 --- [demo] [           main] j.LocalContainerEntityManagerFactoryBean : Initialized JPA EntityManagerFactory for persistence unit 'default'
2025-07-16T22:55:04.022-05:00  WARN 13356 --- [demo] [           main] JpaBaseConfiguration$JpaWebConfiguration : spring.jpa.open-in-view is enabled by default. Therefore, database queries may be performed during view rendering. Explicitly configure spring.jpa.open-in-view to disable this warning
2025-07-16T22:55:04.067-05:00  WARN 13356 --- [demo] [           main] .s.s.UserDetailsServiceAutoConfiguration : 

Using generated security password: a72e1519-beee-450e-9a9f-b6a4f06fee30

This generated password is for development use only. Your security configuration must be updated before running your application in production.

2025-07-16T22:55:04.083-05:00  INFO 13356 --- [demo] [           main] r$InitializeUserDetailsManagerConfigurer : Global AuthenticationManager configured with UserDetailsService bean with name inMemoryUserDetailsManager
2025-07-16T22:55:04.954-05:00  INFO 13356 --- [demo] [           main] bce.ec.demo.DemoApplicationTests         : Started DemoApplicationTests in 5.245 seconds (process running for 6.418)
]]></system-out>
  </testcase>
</testsuite>